<?xml version="1.0" encoding="UTF-8"?>
<!-- Generated by org.testng.reporters.JUnitXMLReporter -->
<testsuite ignored="0" hostname="Mani_PC" failures="0" tests="5" name="Test" time="0.122" errors="0" timestamp="2026-06-04T13:51:06 IST">
  <testcase classname="PkgDemo.ClassDataProvider" name="ByDPMtdname" time="0.014"/>
  <testcase classname="PkgDemo.ClassDataProvider" name="ByDPMtdname" time="0.001"/>
  <testcase classname="PkgDemo.ClassDataProvider" name="ByDPname" time="0.003"/>
  <testcase classname="PkgDemo.ClassDataProvider" name="ByDPname" time="0.003"/>
  <testcase classname="PkgDemo.ClassDataProvider" name="testParam" time="0.002"/>
</testsuite> <!-- Test -->
