<?xml version="1.0" encoding="UTF-8"?>
<!-- Generated by org.testng.reporters.JUnitXMLReporter -->
<testsuite ignored="0" hostname="Mani_PC" failures="1" tests="5" name="ListenersForDPTest" time="0.169" errors="0" timestamp="2026-06-05T20:17:58 IST">
  <testcase classname="PkgDemo.ClassDataProvider" name="testParam" time="0.023">
    <failure type="java.lang.AssertionError" message="expected [true] but found [false]">
      <![CDATA[java.lang.AssertionError: expected [true] but found [false]
at PkgDemo.ClassDataProvider.testParam(ClassDataProvider.java:25)
at java.base/java.util.ArrayList.forEach(ArrayList.java:1596)
... Removed 29 stack frames]]>
    </failure>
  </testcase> <!-- testParam -->
  <testcase classname="PkgDemo.ClassDataProvider" name="ByDPname" time="0.005"/>
  <testcase classname="PkgDemo.ClassDataProvider" name="ByDPname" time="0.003"/>
  <testcase classname="PkgDemo.ClassDataProvider" name="ByDPMtdname" time="0.002"/>
  <testcase classname="PkgDemo.ClassDataProvider" name="ByDPMtdname" time="0.003"/>
</testsuite> <!-- ListenersForDPTest -->
