<?xml version="1.0" encoding="UTF-8"?>
<!-- Generated by org.testng.reporters.JUnitXMLReporter -->
<testsuite ignored="6" hostname="Mani_PC" failures="0" tests="4" name="Test" time="0.626" errors="0" timestamp="2026-06-05T23:30:47 IST">
  <testcase classname="PkgDemo.TestNgGroups" name="method4" time="0.017">
    <skipped/>
  </testcase> <!-- method4 -->
  <testcase classname="PkgDemo.TestNgGroups" name="method3" time="0.005"/>
  <testcase classname="PkgDemo.TestNgDemo" name="mtd1" time="0.005"/>
  <testcase classname="PkgDemo.TestNgDemo" name="mtd1" time="0.003"/>
  <testcase classname="PkgDemo.TestNgGroups" name="method1" time="0.0">
    <ignored/>
  </testcase> <!-- method1 -->
  <testcase classname="PkgDemo.TestNgGroups" name="method2" time="0.0">
    <ignored/>
  </testcase> <!-- method2 -->
  <testcase classname="PkgDemo.TestNgDemo" name="mtd3" time="0.0">
    <ignored/>
  </testcase> <!-- mtd3 -->
  <testcase classname="PkgDemo.TestNgDemo" name="mtd3" time="0.0">
    <ignored/>
  </testcase> <!-- mtd3 -->
  <testcase classname="PkgDemo.TestNgDemo" name="mtd2" time="0.0">
    <ignored/>
  </testcase> <!-- mtd2 -->
  <testcase classname="PkgDemo.TestNgDemo" name="mtd2" time="0.0">
    <ignored/>
  </testcase> <!-- mtd2 -->
</testsuite> <!-- Test -->
