<?xml version="1.0" encoding="UTF-8"?>
<!-- Generated by org.testng.reporters.JUnitXMLReporter -->
<testsuite ignored="0" hostname="Mani_PC" failures="0" tests="4" name="Test" time="0.104" errors="0" timestamp="2026-06-05T12:40:18 IST">
  <testcase classname="PkgDemo.ClassDataProvider" name="ByDPMtdname" time="0.012"/>
  <testcase classname="PkgDemo.ClassDataProvider" name="ByDPMtdname" time="0.003"/>
  <testcase classname="PkgDemo.ClassDataProvider" name="ByDPname" time="0.002"/>
  <testcase classname="PkgDemo.ClassDataProvider" name="ByDPname" time="0.001"/>
</testsuite> <!-- Test -->
