<?xml version="1.0" encoding="UTF-8"?>
<!-- Generated by org.testng.reporters.JUnitReportReporter -->
<testsuite hostname="Mani_PC" failures="0" tests="4" name="PkgDemo.TestNgGroups" time="0.027" errors="0" timestamp="2026-06-05T23:30:47 IST" skipped="2">
  <testcase classname="PkgDemo.TestNgGroups" name="method3" time="0.005"/>
  <testcase classname="PkgDemo.TestNgGroups" name="method4" time="0.017">
    <skipped/>
  </testcase> <!-- method4 -->
  <testcase classname="PkgDemo.TestNgGroups" name="mtd1" time="0.005"/>
  <testcase classname="PkgDemo.TestNgGroups" name="method1">
    <skipped/>
  </testcase> <!-- method1 -->
</testsuite> <!-- PkgDemo.TestNgGroups -->
