<?xml version="1.0" encoding="UTF-8"?>
<!-- Generated by org.testng.reporters.JUnitReportReporter -->
<testsuite hostname="Mani_PC" failures="1" tests="5" name="PkgDemo.ClassDataProvider" time="0.037" errors="0" timestamp="2026-06-05T17:19:01 IST" skipped="0">
  <testcase classname="PkgDemo.ClassDataProvider" name="ByDPname" time="0.009">
    <system-out>
      <![CDATA[Mtd name is ByDPname
Status is 1]]>
    </system-out>
  </testcase> <!-- ByDPname -->
  <testcase classname="PkgDemo.ClassDataProvider" name="ByDPMtdname" time="0.002">
    <system-out>
      <![CDATA[Mtd name is ByDPMtdname
Status is 1]]>
    </system-out>
  </testcase> <!-- ByDPMtdname -->
  <testcase classname="PkgDemo.ClassDataProvider" name="testParam" time="0.021">
    <failure message="expected [true] but found [false]" type="java.lang.AssertionError">
      <![CDATA[java.lang.AssertionError: expected [true] but found [false]
at org.testng.Assert.fail(Assert.java:111)
at org.testng.Assert.failNotEquals(Assert.java:1590)
at org.testng.Assert.assertTrue(Assert.java:57)
at org.testng.Assert.assertTrue(Assert.java:67)
at PkgDemo.ClassDataProvider.testParam(ClassDataProvider.java:25)
at java.base/jdk.internal.reflect.DirectMethodHandleAccessor.invoke(DirectMethodHandleAccessor.java:103)
at java.base/java.lang.reflect.Method.invoke(Method.java:580)
at org.testng.internal.invokers.MethodInvocationHelper.invokeMethod(MethodInvocationHelper.java:141)
at org.testng.internal.invokers.TestInvoker.invokeMethod(TestInvoker.java:697)
at org.testng.internal.invokers.TestInvoker.invokeTestMethod(TestInvoker.java:230)
at org.testng.internal.invokers.MethodRunner.runInSequence(MethodRunner.java:63)
at org.testng.internal.invokers.TestInvoker$MethodInvocationAgent.invoke(TestInvoker.java:1005)
at org.testng.internal.invokers.TestInvoker.invokeTestMethods(TestInvoker.java:203)
at org.testng.internal.invokers.TestMethodWorker.invokeTestMethods(TestMethodWorker.java:154)
at org.testng.internal.invokers.TestMethodWorker.run(TestMethodWorker.java:134)
at java.base/java.util.ArrayList.forEach(ArrayList.java:1596)
at org.testng.TestRunner.privateRun(TestRunner.java:744)
at org.testng.TestRunner.run(TestRunner.java:616)
at org.testng.SuiteRunner.runTest(SuiteRunner.java:421)
at org.testng.SuiteRunner.runSequentially(SuiteRunner.java:413)
at org.testng.SuiteRunner.privateRun(SuiteRunner.java:373)
at org.testng.SuiteRunner.run(SuiteRunner.java:312)
at org.testng.SuiteRunnerWorker.runSuite(SuiteRunnerWorker.java:52)
at org.testng.SuiteRunnerWorker.run(SuiteRunnerWorker.java:95)
at org.testng.TestNG.runSuitesSequentially(TestNG.java:1274)
at org.testng.TestNG.runSuitesLocally(TestNG.java:1208)
at org.testng.TestNG.runSuites(TestNG.java:1112)
at org.testng.TestNG.run(TestNG.java:1079)
at org.testng.remote.AbstractRemoteTestNG.run(AbstractRemoteTestNG.java:115)
at org.testng.remote.RemoteTestNG.initAndRun(RemoteTestNG.java:293)
at org.testng.remote.RemoteTestNG.main(RemoteTestNG.java:91)
]]>
    </failure>
    <system-out>
      <![CDATA[Mtd name is testParam
Status is 2
<a href=C:\Users\vasud\eclipse-workspace\MavenProject\ScreenShot>Test Results</a>]]>
    </system-out>
  </testcase> <!-- testParam -->
  <testcase classname="PkgDemo.ClassDataProvider" name="ByDPname" time="0.002">
    <system-out>
      <![CDATA[Mtd name is ByDPname
Status is 1]]>
    </system-out>
  </testcase> <!-- ByDPname -->
  <testcase classname="PkgDemo.ClassDataProvider" name="ByDPMtdname" time="0.003">
    <system-out>
      <![CDATA[Mtd name is ByDPMtdname
Status is 1]]>
    </system-out>
  </testcase> <!-- ByDPMtdname -->
  <system-out>
    <![CDATA[Mtd name is testParam
Status is 2
<a href=C:\Users\vasud\eclipse-workspace\MavenProject\ScreenShot>Test Results</a>
Mtd name is ByDPname
Status is 1
Mtd name is ByDPname
Status is 1
Mtd name is ByDPMtdname
Status is 1
Mtd name is ByDPMtdname
Status is 1]]>
  </system-out>
</testsuite> <!-- PkgDemo.ClassDataProvider -->
