<?xml version="1.0" encoding="UTF-8"?>
<!-- Generated by org.testng.reporters.JUnitXMLReporter -->
<testsuite ignored="1" hostname="Mani_PC" failures="0" tests="2" name="GRP-bvt" time="0.076" errors="0" timestamp="2026-06-02T17:21:00 IST">
  <testcase classname="PkgDemo.TestNgGroups" name="method2" time="0.015"/>
  <testcase classname="PkgDemo.TestNgGroups" name="method3" time="0.002">
    <skipped/>
  </testcase> <!-- method3 -->
  <testcase classname="PkgDemo.TestNgGroups" name="method1" time="0.0">
    <ignored/>
  </testcase> <!-- method1 -->
</testsuite> <!-- GRP-bvt -->
